<?xml version="1.0" encoding="UTF-8"?>
<!-- Generated by org.testng.reporters.JUnitXMLReporter -->
<testsuite ignored="0" hostname="Rajesh" failures="0" tests="5" name="Default test" time="21.454" errors="0" timestamp="2022-02-01T20:31:54 EST">
  <testcase classname="phptravels.Login" name="openurl" time="8.223"/>
  <testcase classname="phptravels.Login" name="loginintoapplication" time="5.728"/>
  <testcase classname="phptravels.Login" name="clickbookings" time="1.582"/>
  <testcase classname="phptravels.Login" name="webtables" time="0.697"/>
  <testcase classname="phptravels.Login" name="logout" time="1.887"/>
</testsuite> <!-- Default test -->
