<?xml version="1.0" encoding="UTF-8"?>
<testng-results ignored="0" total="5" passed="5" failed="0" skipped="0">
  <reporter-output>
  </reporter-output>
  <suite started-at="2022-02-01T20:31:32 EST" name="Default suite" finished-at="2022-02-01T20:31:54 EST" duration-ms="21454">
    <groups>
    </groups>
    <test started-at="2022-02-01T20:31:32 EST" name="Default test" finished-at="2022-02-01T20:31:54 EST" duration-ms="21454">
      <class name="phptravels.Login">
        <test-method is-config="true" signature="initializebrowsers()[pri:0, instance:phptravels.Login@7c711375]" started-at="2022-02-01T20:31:32 EST" name="initializebrowsers" finished-at="2022-02-01T20:31:35 EST" duration-ms="3032" status="PASS">
          <reporter-output>
          </reporter-output>
        </test-method> <!-- initializebrowsers -->
        <test-method signature="openurl()[pri:1, instance:phptravels.Login@7c711375]" started-at="2022-02-01T20:31:35 EST" name="openurl" finished-at="2022-02-01T20:31:43 EST" duration-ms="8223" status="PASS">
          <reporter-output>
          </reporter-output>
        </test-method> <!-- openurl -->
        <test-method signature="loginintoapplication()[pri:2, instance:phptravels.Login@7c711375]" started-at="2022-02-01T20:31:43 EST" name="loginintoapplication" finished-at="2022-02-01T20:31:49 EST" duration-ms="5728" status="PASS">
          <reporter-output>
          </reporter-output>
        </test-method> <!-- loginintoapplication -->
        <test-method signature="clickbookings()[pri:3, instance:phptravels.Login@7c711375]" started-at="2022-02-01T20:31:49 EST" name="clickbookings" finished-at="2022-02-01T20:31:51 EST" duration-ms="1582" status="PASS">
          <reporter-output>
          </reporter-output>
        </test-method> <!-- clickbookings -->
        <test-method signature="webtables()[pri:4, instance:phptravels.Login@7c711375]" started-at="2022-02-01T20:31:51 EST" name="webtables" finished-at="2022-02-01T20:31:51 EST" duration-ms="697" status="PASS">
          <reporter-output>
          </reporter-output>
        </test-method> <!-- webtables -->
        <test-method signature="logout()[pri:5, instance:phptravels.Login@7c711375]" started-at="2022-02-01T20:31:51 EST" name="logout" finished-at="2022-02-01T20:31:53 EST" duration-ms="1887" status="PASS">
          <reporter-output>
          </reporter-output>
        </test-method> <!-- logout -->
        <test-method is-config="true" signature="closebrowser()[pri:0, instance:phptravels.Login@7c711375]" started-at="2022-02-01T20:31:53 EST" name="closebrowser" finished-at="2022-02-01T20:31:54 EST" duration-ms="234" status="PASS">
          <reporter-output>
          </reporter-output>
        </test-method> <!-- closebrowser -->
      </class> <!-- phptravels.Login -->
    </test> <!-- Default test -->
  </suite> <!-- Default suite -->
</testng-results>
